<?xml version="1.0" encoding="UTF-8" ?>
<testsuite tests="4" failures="0" name="by.itacademy.boldysh.database.repository.CarRepositoryTest" time="0.107" errors="1" skipped="0">
  <properties>
[...]
</properties>
  <testcase classname="by.itacademy.boldysh.database.repository.CarRepositoryTest" name="findByModel" time="0.083"/>
  <testcase classname="by.itacademy.boldysh.database.repository.CarRepositoryTest" name="findByBrandCar" time="0.007">
    <error message="org.hibernate.TransientObjectException: object references an unsaved transient instance - save the transient instance before flushing: by.itacademy.boldysh.database.entity.BrandCar; nested exception is java.lang.IllegalStateException: org.hibernate.TransientObjectException: object references an unsaved transient instance - save the transient instance before flushing: by.itacademy.boldysh.database.entity.BrandCar" type="org.springframework.dao.InvalidDataAccessApiUsageException">org.springframework.dao.InvalidDataAccessApiUsageException: org.hibernate.TransientObjectException: object references an unsaved transient instance - save the transient instance before flushing: by.itacademy.boldysh.database.entity.BrandCar; nested exception is java.lang.IllegalStateException: org.hibernate.TransientObjectException: object references an unsaved transient instance - save the transient instance before flushing: by.itacademy.boldysh.database.entity.BrandCar
	at org.springframework.orm.jpa.EntityManagerFactoryUtils.convertJpaAccessExceptionIfPossible(EntityManagerFactoryUtils.java:370)
	at org.springframework.orm.jpa.vendor.HibernateJpaDialect.translateExceptionIfPossible(HibernateJpaDialect.java:255)
	at org.springframework.orm.jpa.AbstractEntityManagerFactoryBean.translateExceptionIfPossible(AbstractEntityManagerFactoryBean.java:527)
	at org.springframework.dao.support.ChainedPersistenceExceptionTranslator.translateExceptionIfPossible(ChainedPersistenceExceptionTranslator.java:61)
	at org.springframework.dao.support.DataAccessUtils.translateIfNecessary(DataAccessUtils.java:242)
	at org.springframework.dao.support.PersistenceExceptionTranslationInterceptor.invoke(PersistenceExceptionTranslationInterceptor.java:153)
	at org.springframework.aop.framework.ReflectiveMethodInvocation.proceed(ReflectiveMethodInvocation.java:186)
	at org.springframework.data.jpa.repository.support.CrudMethodMetadataPostProcessor$CrudMethodMetadataPopulatingMethodInterceptor.invoke(CrudMethodMetadataPostProcessor.java:138)
	at org.springframework.aop.framework.ReflectiveMethodInvocation.proceed(ReflectiveMethodInvocation.java:186)
	at org.springframework.aop.interceptor.ExposeInvocationInterceptor.invoke(ExposeInvocationInterceptor.java:93)
	at org.springframework.aop.framework.ReflectiveMethodInvocation.proceed(ReflectiveMethodInvocation.java:186)
	at org.springframework.data.repository.core.support.SurroundingTransactionDetectorMethodInterceptor.invoke(SurroundingTransactionDetectorMethodInterceptor.java:61)
	at org.springframework.aop.framework.ReflectiveMethodInvocation.proceed(ReflectiveMethodInvocation.java:186)
	at org.springframework.aop.framework.JdkDynamicAopProxy.invoke(JdkDynamicAopProxy.java:212)
	at com.sun.proxy.$Proxy64.findAllByBrandCar(Unknown Source)
	at by.itacademy.boldysh.database.repository.CarRepositoryTest.findByBrandCar(CarRepositoryTest.java:55)
	at sun.reflect.NativeMethodAccessorImpl.invoke0(Native Method)
	at sun.reflect.NativeMethodAccessorImpl.invoke(NativeMethodAccessorImpl.java:62)
	at sun.reflect.DelegatingMethodAccessorImpl.invoke(DelegatingMethodAccessorImpl.java:43)
	at java.lang.reflect.Method.invoke(Method.java:498)
	at org.junit.runners.model.FrameworkMethod$1.runReflectiveCall(FrameworkMethod.java:50)
	at org.junit.internal.runners.model.ReflectiveCallable.run(ReflectiveCallable.java:12)
	at org.junit.runners.model.FrameworkMethod.invokeExplosively(FrameworkMethod.java:47)
	at org.junit.internal.runners.statements.InvokeMethod.evaluate(InvokeMethod.java:17)
	at org.springframework.test.context.junit4.statements.RunBeforeTestExecutionCallbacks.evaluate(RunBeforeTestExecutionCallbacks.java:74)
	at org.springframework.test.context.junit4.statements.RunAfterTestExecutionCallbacks.evaluate(RunAfterTestExecutionCallbacks.java:84)
	at org.junit.internal.runners.statements.RunBefores.evaluate(RunBefores.java:26)
	at org.springframework.test.context.junit4.statements.RunBeforeTestMethodCallbacks.evaluate(RunBeforeTestMethodCallbacks.java:75)
	at org.springframework.test.context.junit4.statements.RunAfterTestMethodCallbacks.evaluate(RunAfterTestMethodCallbacks.java:86)
	at org.springframework.test.context.junit4.statements.SpringRepeat.evaluate(SpringRepeat.java:84)
	at org.junit.runners.ParentRunner.runLeaf(ParentRunner.java:325)
	at org.springframework.test.context.junit4.SpringJUnit4ClassRunner.runChild(SpringJUnit4ClassRunner.java:251)
	at org.springframework.test.context.junit4.SpringJUnit4ClassRunner.runChild(SpringJUnit4ClassRunner.java:97)
	at org.junit.runners.ParentRunner$3.run(ParentRunner.java:290)
	at org.junit.runners.ParentRunner$1.schedule(ParentRunner.java:71)
	at org.junit.runners.ParentRunner.runChildren(ParentRunner.java:288)
	at org.junit.runners.ParentRunner.access$000(ParentRunner.java:58)
	at org.junit.runners.ParentRunner$2.evaluate(ParentRunner.java:268)
	at org.springframework.test.context.junit4.statements.RunBeforeTestClassCallbacks.evaluate(RunBeforeTestClassCallbacks.java:61)
	at org.springframework.test.context.junit4.statements.RunAfterTestClassCallbacks.evaluate(RunAfterTestClassCallbacks.java:70)
	at org.junit.runners.ParentRunner.run(ParentRunner.java:363)
	at org.springframework.test.context.junit4.SpringJUnit4ClassRunner.run(SpringJUnit4ClassRunner.java:190)
	at org.apache.maven.surefire.junit4.JUnit4Provider.execute(JUnit4Provider.java:252)
	at org.apache.maven.surefire.junit4.JUnit4Provider.executeTestSet(JUnit4Provider.java:141)
	at org.apache.maven.surefire.junit4.JUnit4Provider.invoke(JUnit4Provider.java:112)
	at sun.reflect.NativeMethodAccessorImpl.invoke0(Native Method)
	at sun.reflect.NativeMethodAccessorImpl.invoke(NativeMethodAccessorImpl.java:62)
	at sun.reflect.DelegatingMethodAccessorImpl.invoke(DelegatingMethodAccessorImpl.java:43)
	at java.lang.reflect.Method.invoke(Method.java:498)
	at org.apache.maven.surefire.util.ReflectionUtils.invokeMethodWithArray(ReflectionUtils.java:189)
	at org.apache.maven.surefire.booter.ProviderFactory$ProviderProxy.invoke(ProviderFactory.java:165)
	at org.apache.maven.surefire.booter.ProviderFactory.invokeProvider(ProviderFactory.java:85)
	at org.apache.maven.surefire.booter.ForkedBooter.runSuitesInProcess(ForkedBooter.java:115)
	at org.apache.maven.surefire.booter.ForkedBooter.main(ForkedBooter.java:75)
Caused by: java.lang.IllegalStateException: org.hibernate.TransientObjectException: object references an unsaved transient instance - save the transient instance before flushing: by.itacademy.boldysh.database.entity.BrandCar
	at org.hibernate.internal.ExceptionConverterImpl.convert(ExceptionConverterImpl.java:151)
	at org.hibernate.internal.ExceptionConverterImpl.convert(ExceptionConverterImpl.java:181)
	at org.hibernate.query.internal.AbstractProducedQuery.list(AbstractProducedQuery.java:1538)
	at org.hibernate.query.Query.getResultList(Query.java:165)
	at org.hibernate.query.criteria.internal.compile.CriteriaQueryTypeQueryAdapter.getResultList(CriteriaQueryTypeQueryAdapter.java:76)
	at org.springframework.data.jpa.repository.query.JpaQueryExecution$CollectionExecution.doExecute(JpaQueryExecution.java:129)
	at org.springframework.data.jpa.repository.query.JpaQueryExecution.execute(JpaQueryExecution.java:91)
	at org.springframework.data.jpa.repository.query.AbstractJpaQuery.doExecute(AbstractJpaQuery.java:136)
	at org.springframework.data.jpa.repository.query.AbstractJpaQuery.execute(AbstractJpaQuery.java:125)
	at org.springframework.data.repository.core.support.RepositoryFactorySupport$QueryExecutorMethodInterceptor.doInvoke(RepositoryFactorySupport.java:605)
	at org.springframework.data.repository.core.support.RepositoryFactorySupport$QueryExecutorMethodInterceptor.lambda$invoke$3(RepositoryFactorySupport.java:595)
	at org.springframework.data.repository.core.support.RepositoryFactorySupport$QueryExecutorMethodInterceptor.invoke(RepositoryFactorySupport.java:595)
	at org.springframework.aop.framework.ReflectiveMethodInvocation.proceed(ReflectiveMethodInvocation.java:186)
	at org.springframework.data.projection.DefaultMethodInvokingMethodInterceptor.invoke(DefaultMethodInvokingMethodInterceptor.java:59)
	at org.springframework.aop.framework.ReflectiveMethodInvocation.proceed(ReflectiveMethodInvocation.java:186)
	at org.springframework.transaction.interceptor.TransactionAspectSupport.invokeWithinTransaction(TransactionAspectSupport.java:294)
	at org.springframework.transaction.interceptor.TransactionInterceptor.invoke(TransactionInterceptor.java:98)
	at org.springframework.aop.framework.ReflectiveMethodInvocation.proceed(ReflectiveMethodInvocation.java:186)
	at org.springframework.dao.support.PersistenceExceptionTranslationInterceptor.invoke(PersistenceExceptionTranslationInterceptor.java:139)
	... 48 more
Caused by: org.hibernate.TransientObjectException: object references an unsaved transient instance - save the transient instance before flushing: by.itacademy.boldysh.database.entity.BrandCar
	at org.hibernate.engine.internal.ForeignKeys.getEntityIdentifierIfNotUnsaved(ForeignKeys.java:350)
	at org.hibernate.type.EntityType.getIdentifier(EntityType.java:495)
	at org.hibernate.type.EntityType.nullSafeSet(EntityType.java:288)
	at org.hibernate.param.NamedParameterSpecification.bind(NamedParameterSpecification.java:53)
	at org.hibernate.loader.hql.QueryLoader.bindParameterValues(QueryLoader.java:645)
	at org.hibernate.loader.Loader.prepareQueryStatement(Loader.java:2006)
	at org.hibernate.loader.Loader.executeQueryStatement(Loader.java:1920)
	at org.hibernate.loader.Loader.executeQueryStatement(Loader.java:1898)
	at org.hibernate.loader.Loader.doQuery(Loader.java:937)
	at org.hibernate.loader.Loader.doQueryAndInitializeNonLazyCollections(Loader.java:340)
	at org.hibernate.loader.Loader.doList(Loader.java:2695)
	at org.hibernate.loader.Loader.doList(Loader.java:2678)
	at org.hibernate.loader.Loader.listIgnoreQueryCache(Loader.java:2512)
	at org.hibernate.loader.Loader.list(Loader.java:2507)
	at org.hibernate.loader.hql.QueryLoader.list(QueryLoader.java:504)
	at org.hibernate.hql.internal.ast.QueryTranslatorImpl.list(QueryTranslatorImpl.java:396)
	at org.hibernate.engine.query.spi.HQLQueryPlan.performList(HQLQueryPlan.java:224)
	at org.hibernate.internal.SessionImpl.list(SessionImpl.java:1538)
	at org.hibernate.query.internal.AbstractProducedQuery.doList(AbstractProducedQuery.java:1561)
	at org.hibernate.query.internal.AbstractProducedQuery.list(AbstractProducedQuery.java:1529)
	... 64 more
</error>
    <system-out>Hibernate: 
    delete 
    from
        car_storage.black_list
Hibernate: 
    delete 
    from
        car_storage.order_rental_car 
    where
        (
            user_service_id
        ) in (
            select
                id 
            from
                car_storage.user_service
        )
Hibernate: 
    delete 
    from
        car_storage.user_service
Hibernate: 
    delete 
    from
        car_storage.order_rental_car 
    where
        (
            car_id
        ) in (
            select
                id 
            from
                car_storage.car
        )
Hibernate: 
    delete 
    from
        car_storage.car
Hibernate: 
    delete 
    from
        car_storage.brand_car
Hibernate: 
    delete 
    from
        car_storage.order_rental_car
Hibernate: 
    delete 
    from
        car_storage.additional_services
Hibernate: 
    insert 
    into
        car_storage.user_service
        (id, email, first_name, isadmin, passport_number, password, second_name, telephone) 
    values
        (null, ?, ?, ?, ?, ?, ?, ?)
Hibernate: 
    insert 
    into
        car_storage.user_service
        (id, email, first_name, isadmin, passport_number, password, second_name, telephone) 
    values
        (null, ?, ?, ?, ?, ?, ?, ?)
Hibernate: 
    insert 
    into
        car_storage.user_service
        (id, email, first_name, isadmin, passport_number, password, second_name, telephone) 
    values
        (null, ?, ?, ?, ?, ?, ?, ?)
Hibernate: 
    insert 
    into
        car_storage.brand_car
        (id, brand) 
    values
        (null, ?)
Hibernate: 
    insert 
    into
        car_storage.brand_car
        (id, brand) 
    values
        (null, ?)
Hibernate: 
    insert 
    into
        car_storage.brand_car
        (id, brand) 
    values
        (null, ?)
Hibernate: 
    insert 
    into
        car_storage.black_list
        (id, cause, user_id) 
    values
        (null, ?, ?)
Hibernate: 
    insert 
    into
        car_storage.car
        (id, brand_car_id, class_car, cost_rental_of_day, model, transmission, vin_number, year_of_issue) 
    values
        (null, ?, ?, ?, ?, ?, ?, ?)
Hibernate: 
    insert 
    into
        car_storage.car
        (id, brand_car_id, class_car, cost_rental_of_day, model, transmission, vin_number, year_of_issue) 
    values
        (null, ?, ?, ?, ?, ?, ?, ?)
Hibernate: 
    insert 
    into
        car_storage.car
        (id, brand_car_id, class_car, cost_rental_of_day, model, transmission, vin_number, year_of_issue) 
    values
        (null, ?, ?, ?, ?, ?, ?, ?)
Hibernate: 
    insert 
    into
        car_storage.additional_services
        (id, cost, services) 
    values
        (null, ?, ?)
Hibernate: 
    insert 
    into
        car_storage.additional_services
        (id, cost, services) 
    values
        (null, ?, ?)
Hibernate: 
    insert 
    into
        car_storage.order_rental_car
        (id, additional_services_id, car_id, cost, date_finish_rental, date_start_rental, status_order, user_service_id) 
    values
        (null, ?, ?, ?, ?, ?, ?, ?)
Hibernate: 
    insert 
    into
        car_storage.order_rental_car
        (id, additional_services_id, car_id, cost, date_finish_rental, date_start_rental, status_order, user_service_id) 
    values
        (null, ?, ?, ?, ?, ?, ?, ?)
Hibernate: 
    select
        car0_.id as id1_3_,
        car0_.brand_car_id as brand_ca8_3_,
        car0_.class_car as class_ca2_3_,
        car0_.cost_rental_of_day as cost_ren3_3_,
        car0_.model as model4_3_,
        car0_.transmission as transmis5_3_,
        car0_.vin_number as vin_numb6_3_,
        car0_.year_of_issue as year_of_7_3_ 
    from
        car_storage.car car0_ 
    where
        car0_.brand_car_id=?
</system-out>
  </testcase>
  <testcase classname="by.itacademy.boldysh.database.repository.CarRepositoryTest" name="findAllByBrandCarBrandAndCostRentalOfDayAndCarClassAndTransmission" time="0.01"/>
  <testcase classname="by.itacademy.boldysh.database.repository.CarRepositoryTest" name="findByVinNumber" time="0.007"/>
</testsuite>